<?xml version="1.0" encoding="UTF-8"?>
<!-- Generated by org.testng.reporters.JUnitXMLReporter -->
<testsuite ignored="0" hostname="Bipins-Mac-mini.local" failures="1" tests="1" name="Linux-Firefox" time="7.489" errors="0" timestamp="2026-02-01T19:08:16 PST">
  <testcase classname="testCases.TC001_AccountRegistration" name="verify_account_registration" time="0.26">
    <failure type="java.lang.AssertionError">
      <![CDATA[java.lang.AssertionError: 
at testCases.TC001_AccountRegistration.verify_account_registration(TC001_AccountRegistration.java:41)
at java.base/java.util.ArrayList.forEach(ArrayList.java:1596)
... Removed 27 stack frames]]>
    </failure>
  </testcase> <!-- verify_account_registration -->
</testsuite> <!-- Linux-Firefox -->
