<?xml version="1.0" encoding="UTF-8"?>
<testsuite xmlns:xsi="http://www.w3.org/2001/XMLSchema-instance" xsi:noNamespaceSchemaLocation="https://maven.apache.org/surefire/maven-surefire-plugin/xsd/surefire-test-report.xsd" version="3.0.2" name="TestSuite" time="3.266" tests="1" errors="0" skipped="0" failures="0">
  <properties>
[...]
</properties>
  <testcase name="verify_account_registration" classname="testCases.TC001_AccountRegistration" time="0.589">
    <system-err><![CDATA[2026-02-03T03:51:14.383346Z main DEBUG Apache Log4j Core 2.25 initializing configuration XmlConfiguration[location=/Users/bipinjagdale/Desktop/JAVA_PROJECT/OpenCartv1/target/test-classes/log4j2.xml, lastModified=2026-02-02T20:22:26.593Z]
2026-02-03T03:51:14.384077Z main DEBUG PluginManager 'Core' found 134 plugins
2026-02-03T03:51:14.384175Z main DEBUG PluginManager 'Level' found 0 plugins
2026-02-03T03:51:14.385739Z main DEBUG Building Plugin[name=Property, class=org.apache.logging.log4j.core.config.Property].
2026-02-03T03:51:14.390304Z main DEBUG PluginManager 'TypeConverter' found 26 plugins
2026-02-03T03:51:14.392704Z main DEBUG createProperty(name="basePath", value="./logs", Configuration(/Users/bipinjagdale/Desktop/JAVA_PROJECT/OpenCartv1/target/test-classes/log4j2.xml))
2026-02-03T03:51:14.393504Z main DEBUG Building Plugin[name=Properties, class=org.apache.logging.log4j.core.config.PropertiesPlugin].
2026-02-03T03:51:14.394319Z main DEBUG configureSubstitutor(={basePath=./logs}, Configuration(/Users/bipinjagdale/Desktop/JAVA_PROJECT/OpenCartv1/target/test-classes/log4j2.xml))
2026-02-03T03:51:14.395045Z main DEBUG PluginManager 'Lookup' found 16 plugins
2026-02-03T03:51:14.395299Z main DEBUG Building Plugin[name=layout, class=org.apache.logging.log4j.core.layout.PatternLayout].
2026-02-03T03:51:14.398830Z main DEBUG PatternLayout$Builder(pattern="%d{HH:mm:ss.SSS} [%t] %-5level %logger{36} - %msg%n", PatternSelector=null, Configuration(/Users/bipinjagdale/Desktop/JAVA_PROJECT/OpenCartv1/target/test-classes/log4j2.xml), Replace=null, charset="null", alwaysWriteExceptions="null", disableAnsi="null", noConsoleNoAnsi="null", header="null", footer="null")
2026-02-03T03:51:14.399271Z main DEBUG PluginManager 'Converter' found 45 plugins
2026-02-03T03:51:14.408012Z main DEBUG Building Plugin[name=appender, class=org.apache.logging.log4j.core.appender.ConsoleAppender].
2026-02-03T03:51:14.410555Z main DEBUG ConsoleAppender$Builder(target="SYSTEM_OUT", follow="null", direct="null", bufferedIo="null", bufferSize="null", immediateFlush="null", ignoreExceptions="null", PatternLayout(%d{HH:mm:ss.SSS} [%t] %-5level %logger{36} - %msg%n), name="Console", Configuration(/Users/bipinjagdale/Desktop/JAVA_PROJECT/OpenCartv1/target/test-classes/log4j2.xml), Filter=null, ={})
2026-02-03T03:51:14.411133Z main DEBUG Starting OutputStreamManager SYSTEM_OUT.false.false
2026-02-03T03:51:14.411199Z main DEBUG Building Plugin[name=layout, class=org.apache.logging.log4j.core.layout.PatternLayout].
2026-02-03T03:51:14.411318Z main DEBUG PatternLayout$Builder(pattern="%d{yyy-MM-dd HH:mm:ss.SSS} [%t] %-5level %logger{36} - %msg%n", PatternSelector=null, Configuration(/Users/bipinjagdale/Desktop/JAVA_PROJECT/OpenCartv1/target/test-classes/log4j2.xml), Replace=null, charset="null", alwaysWriteExceptions="null", disableAnsi="null", noConsoleNoAnsi="null", header="null", footer="null")
2026-02-03T03:51:14.411813Z main DEBUG Building Plugin[name=SizeBasedTriggeringPolicy, class=org.apache.logging.log4j.core.appender.rolling.SizeBasedTriggeringPolicy].
2026-02-03T03:51:14.412315Z main DEBUG createPolicy(size="5000")
2026-02-03T03:51:14.415187Z main DEBUG Building Plugin[name=appender, class=org.apache.logging.log4j.core.appender.RollingFileAppender].
2026-02-03T03:51:14.416172Z main DEBUG RollingFileAppender$Builder(fileName="./logs/automation.log", filePattern="./logs/automation-%d.log", append="null", locking="null", SizeBasedTriggeringPolicy(SizeBasedTriggeringPolicy(size=5000)), Strategy=null, advertise="null", advertiseUri="null", createOnDemand="null", filePermissions="null", fileOwner="null", fileGroup="null", bufferedIo="null", bufferSize="null", immediateFlush="null", ignoreExceptions="null", PatternLayout(%d{yyy-MM-dd HH:mm:ss.SSS} [%t] %-5level %logger{36} - %msg%n), name="File", Configuration(/Users/bipinjagdale/Desktop/JAVA_PROJECT/OpenCartv1/target/test-classes/log4j2.xml), Filter=null, ={})
2026-02-03T03:51:14.417655Z main DEBUG Returning file creation time for /Users/bipinjagdale/Desktop/JAVA_PROJECT/OpenCartv1/./logs/automation.log
2026-02-03T03:51:14.417732Z main DEBUG Starting RollingFileManager ./logs/automation.log
2026-02-03T03:51:14.418139Z main DEBUG PluginManager 'FileConverter' found 2 plugins
2026-02-03T03:51:14.419056Z main DEBUG Setting prev file time to 2026-02-02T14:51:07.000-0800
2026-02-03T03:51:14.419113Z main DEBUG Initializing triggering policy SizeBasedTriggeringPolicy(size=5000)
2026-02-03T03:51:14.419183Z main DEBUG Building Plugin[name=Appenders, class=org.apache.logging.log4j.core.config.AppendersPlugin].
2026-02-03T03:51:14.419267Z main DEBUG createAppenders(={Console, File})
2026-02-03T03:51:14.419359Z main DEBUG Building Plugin[name=AppenderRef, class=org.apache.logging.log4j.core.config.AppenderRef].
2026-02-03T03:51:14.419476Z main DEBUG createAppenderRef(ref="File", level="null", Filter=null)
2026-02-03T03:51:14.419970Z main DEBUG Building Plugin[name=Root, class=org.apache.logging.log4j.core.config.LoggerConfig$RootLogger].
2026-02-03T03:51:14.420608Z main DEBUG LoggerConfig$RootLogger$Builder(additivity="null", level="DEBUG", levelAndRefs="null", includeLocation="null", ={File}, ={}, Configuration(/Users/bipinjagdale/Desktop/JAVA_PROJECT/OpenCartv1/target/test-classes/log4j2.xml), Filter=null)
2026-02-03T03:51:14.421036Z main DEBUG Building Plugin[name=Loggers, class=org.apache.logging.log4j.core.config.LoggersPlugin].
2026-02-03T03:51:14.421166Z main DEBUG createLoggers(={root})
2026-02-03T03:51:14.421293Z main DEBUG Configuration XmlConfiguration[location=/Users/bipinjagdale/Desktop/JAVA_PROJECT/OpenCartv1/target/test-classes/log4j2.xml, lastModified=2026-02-02T20:22:26.593Z] initialized
2026-02-03T03:51:14.421361Z main INFO Starting configuration XmlConfiguration[location=/Users/bipinjagdale/Desktop/JAVA_PROJECT/OpenCartv1/target/test-classes/log4j2.xml, lastModified=2026-02-02T20:22:26.593Z]...
2026-02-03T03:51:14.421424Z main INFO Configuration XmlConfiguration[location=/Users/bipinjagdale/Desktop/JAVA_PROJECT/OpenCartv1/target/test-classes/log4j2.xml, lastModified=2026-02-02T20:22:26.593Z] started.
2026-02-03T03:51:14.422062Z main INFO Stopping configuration org.apache.logging.log4j.core.config.DefaultConfiguration@78b729e6...
2026-02-03T03:51:14.422151Z main DEBUG Shutting down OutputStreamManager SYSTEM_OUT.false.false-1
2026-02-03T03:51:14.422201Z main DEBUG OutputStream closed
2026-02-03T03:51:14.422259Z main DEBUG Shut down OutputStreamManager SYSTEM_OUT.false.false-1, all resources released: true
2026-02-03T03:51:14.422312Z main DEBUG Appender DefaultConsole-1 stopped with status true
2026-02-03T03:51:14.422364Z main INFO Configuration org.apache.logging.log4j.core.config.DefaultConfiguration@78b729e6 stopped.
2026-02-03T03:51:14.422800Z main DEBUG org.apache.logging.log4j.core.util.SystemClock supports precise timestamps.
2026-02-03T03:51:14.422921Z main DEBUG Reconfiguration complete for context[name=7a8c5397] at URI /Users/bipinjagdale/Desktop/JAVA_PROJECT/OpenCartv1/target/test-classes/log4j2.xml (org.apache.logging.log4j.core.LoggerContext@10feca44) with optional ClassLoader: null
2026-02-03T03:51:14.422984Z main DEBUG Shutdown hook enabled. Registering a new one.
2026-02-03T03:51:14.423243Z main DEBUG LoggerContext[name=7a8c5397, org.apache.logging.log4j.core.LoggerContext@10feca44] started OK.
]]></system-err>
  </testcase>
</testsuite>