<?xml version="1.0" encoding="UTF-8"?>
<testsuite xmlns:xsi="http://www.w3.org/2001/XMLSchema-instance" xsi:noNamespaceSchemaLocation="https://maven.apache.org/surefire/maven-surefire-plugin/xsd/surefire-test-report.xsd" version="3.0.2" name="TestSuite" time="3.427" tests="1" errors="0" skipped="0" failures="0">
  <properties>
[...]
</properties>
  <testcase name="verify_account_registration" classname="testCases.TC001_AccountRegistration" time="0.572">
    <system-err><![CDATA[2026-02-02T20:22:27.282823Z main DEBUG Apache Log4j Core 2.25 initializing configuration XmlConfiguration[location=/Users/bipinjagdale/Desktop/JAVA_PROJECT/OpenCartv1/target/test-classes/log4j2.xml, lastModified=2026-02-02T20:22:26.593Z]
2026-02-02T20:22:27.283485Z main DEBUG PluginManager 'Core' found 134 plugins
2026-02-02T20:22:27.283556Z main DEBUG PluginManager 'Level' found 0 plugins
2026-02-02T20:22:27.285400Z main DEBUG Building Plugin[name=Property, class=org.apache.logging.log4j.core.config.Property].
2026-02-02T20:22:27.290484Z main DEBUG PluginManager 'TypeConverter' found 26 plugins
2026-02-02T20:22:27.292821Z main DEBUG createProperty(name="basePath", value="./logs", Configuration(/Users/bipinjagdale/Desktop/JAVA_PROJECT/OpenCartv1/target/test-classes/log4j2.xml))
2026-02-02T20:22:27.293561Z main DEBUG Building Plugin[name=Properties, class=org.apache.logging.log4j.core.config.PropertiesPlugin].
2026-02-02T20:22:27.294282Z main DEBUG configureSubstitutor(={basePath=./logs}, Configuration(/Users/bipinjagdale/Desktop/JAVA_PROJECT/OpenCartv1/target/test-classes/log4j2.xml))
2026-02-02T20:22:27.294948Z main DEBUG PluginManager 'Lookup' found 16 plugins
2026-02-02T20:22:27.295177Z main DEBUG Building Plugin[name=layout, class=org.apache.logging.log4j.core.layout.PatternLayout].
2026-02-02T20:22:27.298602Z main DEBUG PatternLayout$Builder(pattern="%d{HH:mm:ss.SSS} [%t] %-5level %logger{36} - %msg%n", PatternSelector=null, Configuration(/Users/bipinjagdale/Desktop/JAVA_PROJECT/OpenCartv1/target/test-classes/log4j2.xml), Replace=null, charset="null", alwaysWriteExceptions="null", disableAnsi="null", noConsoleNoAnsi="null", header="null", footer="null")
2026-02-02T20:22:27.299006Z main DEBUG PluginManager 'Converter' found 45 plugins
2026-02-02T20:22:27.308203Z main DEBUG Building Plugin[name=appender, class=org.apache.logging.log4j.core.appender.ConsoleAppender].
2026-02-02T20:22:27.310604Z main DEBUG ConsoleAppender$Builder(target="SYSTEM_OUT", follow="null", direct="null", bufferedIo="null", bufferSize="null", immediateFlush="null", ignoreExceptions="null", PatternLayout(%d{HH:mm:ss.SSS} [%t] %-5level %logger{36} - %msg%n), name="Console", Configuration(/Users/bipinjagdale/Desktop/JAVA_PROJECT/OpenCartv1/target/test-classes/log4j2.xml), Filter=null, ={})
2026-02-02T20:22:27.311174Z main DEBUG Starting OutputStreamManager SYSTEM_OUT.false.false
2026-02-02T20:22:27.311240Z main DEBUG Building Plugin[name=layout, class=org.apache.logging.log4j.core.layout.PatternLayout].
2026-02-02T20:22:27.311364Z main DEBUG PatternLayout$Builder(pattern="%d{yyy-MM-dd HH:mm:ss.SSS} [%t] %-5level %logger{36} - %msg%n", PatternSelector=null, Configuration(/Users/bipinjagdale/Desktop/JAVA_PROJECT/OpenCartv1/target/test-classes/log4j2.xml), Replace=null, charset="null", alwaysWriteExceptions="null", disableAnsi="null", noConsoleNoAnsi="null", header="null", footer="null")
2026-02-02T20:22:27.311848Z main DEBUG Building Plugin[name=SizeBasedTriggeringPolicy, class=org.apache.logging.log4j.core.appender.rolling.SizeBasedTriggeringPolicy].
2026-02-02T20:22:27.312476Z main DEBUG createPolicy(size="5000")
2026-02-02T20:22:27.315387Z main DEBUG Building Plugin[name=appender, class=org.apache.logging.log4j.core.appender.RollingFileAppender].
2026-02-02T20:22:27.316294Z main DEBUG RollingFileAppender$Builder(fileName="./logs/automation.log", filePattern="./logs/automation-%d.log", append="null", locking="null", SizeBasedTriggeringPolicy(SizeBasedTriggeringPolicy(size=5000)), Strategy=null, advertise="null", advertiseUri="null", createOnDemand="null", filePermissions="null", fileOwner="null", fileGroup="null", bufferedIo="null", bufferSize="null", immediateFlush="null", ignoreExceptions="null", PatternLayout(%d{yyy-MM-dd HH:mm:ss.SSS} [%t] %-5level %logger{36} - %msg%n), name="File", Configuration(/Users/bipinjagdale/Desktop/JAVA_PROJECT/OpenCartv1/target/test-classes/log4j2.xml), Filter=null, ={})
2026-02-02T20:22:27.317735Z main DEBUG Returning file creation time for /Users/bipinjagdale/Desktop/JAVA_PROJECT/OpenCartv1/./logs/automation.log
2026-02-02T20:22:27.317810Z main DEBUG Starting RollingFileManager ./logs/automation.log
2026-02-02T20:22:27.318223Z main DEBUG PluginManager 'FileConverter' found 2 plugins
2026-02-02T20:22:27.319094Z main DEBUG Setting prev file time to 2026-02-01T19:16:52.000-0800
2026-02-02T20:22:27.319151Z main DEBUG Initializing triggering policy SizeBasedTriggeringPolicy(size=5000)
2026-02-02T20:22:27.319221Z main DEBUG Building Plugin[name=Appenders, class=org.apache.logging.log4j.core.config.AppendersPlugin].
2026-02-02T20:22:27.319313Z main DEBUG createAppenders(={Console, File})
2026-02-02T20:22:27.319427Z main DEBUG Building Plugin[name=AppenderRef, class=org.apache.logging.log4j.core.config.AppenderRef].
2026-02-02T20:22:27.319582Z main DEBUG createAppenderRef(ref="File", level="null", Filter=null)
2026-02-02T20:22:27.320036Z main DEBUG Building Plugin[name=Root, class=org.apache.logging.log4j.core.config.LoggerConfig$RootLogger].
2026-02-02T20:22:27.320651Z main DEBUG LoggerConfig$RootLogger$Builder(additivity="null", level="DEBUG", levelAndRefs="null", includeLocation="null", ={File}, ={}, Configuration(/Users/bipinjagdale/Desktop/JAVA_PROJECT/OpenCartv1/target/test-classes/log4j2.xml), Filter=null)
2026-02-02T20:22:27.321105Z main DEBUG Building Plugin[name=Loggers, class=org.apache.logging.log4j.core.config.LoggersPlugin].
2026-02-02T20:22:27.321254Z main DEBUG createLoggers(={root})
2026-02-02T20:22:27.321383Z main DEBUG Configuration XmlConfiguration[location=/Users/bipinjagdale/Desktop/JAVA_PROJECT/OpenCartv1/target/test-classes/log4j2.xml, lastModified=2026-02-02T20:22:26.593Z] initialized
2026-02-02T20:22:27.321444Z main INFO Starting configuration XmlConfiguration[location=/Users/bipinjagdale/Desktop/JAVA_PROJECT/OpenCartv1/target/test-classes/log4j2.xml, lastModified=2026-02-02T20:22:26.593Z]...
2026-02-02T20:22:27.321508Z main INFO Configuration XmlConfiguration[location=/Users/bipinjagdale/Desktop/JAVA_PROJECT/OpenCartv1/target/test-classes/log4j2.xml, lastModified=2026-02-02T20:22:26.593Z] started.
2026-02-02T20:22:27.322370Z main INFO Stopping configuration org.apache.logging.log4j.core.config.DefaultConfiguration@6b4a4e18...
2026-02-02T20:22:27.322469Z main DEBUG Shutting down OutputStreamManager SYSTEM_OUT.false.false-1
2026-02-02T20:22:27.322524Z main DEBUG OutputStream closed
2026-02-02T20:22:27.322572Z main DEBUG Shut down OutputStreamManager SYSTEM_OUT.false.false-1, all resources released: true
2026-02-02T20:22:27.322624Z main DEBUG Appender DefaultConsole-1 stopped with status true
2026-02-02T20:22:27.322685Z main INFO Configuration org.apache.logging.log4j.core.config.DefaultConfiguration@6b4a4e18 stopped.
2026-02-02T20:22:27.323201Z main DEBUG org.apache.logging.log4j.core.util.SystemClock supports precise timestamps.
2026-02-02T20:22:27.323333Z main DEBUG Reconfiguration complete for context[name=7a8c5397] at URI /Users/bipinjagdale/Desktop/JAVA_PROJECT/OpenCartv1/target/test-classes/log4j2.xml (org.apache.logging.log4j.core.LoggerContext@10feca44) with optional ClassLoader: null
2026-02-02T20:22:27.323395Z main DEBUG Shutdown hook enabled. Registering a new one.
2026-02-02T20:22:27.323614Z main DEBUG LoggerContext[name=7a8c5397, org.apache.logging.log4j.core.LoggerContext@10feca44] started OK.
2026-02-02T20:22:27.332536Z main DEBUG Formatting file name. useCurrentTime=false. currentFileTime=0, prevFileTime=0
2026-02-02T20:22:27.332752Z main DEBUG Eligible files: {}
2026-02-02T20:22:27.332807Z main DEBUG Formatting file name. useCurrentTime=false. currentFileTime=0, prevFileTime=0
2026-02-02T20:22:27.333072Z main DEBUG OutputStream closed
2026-02-02T20:22:27.333125Z main DEBUG RollingFileManager executing synchronous FileRenameAction[./logs/automation.log to ./logs/automation-2026-02-02.log, renameEmptyFiles=false]
2026-02-02T20:22:27.333743Z main DEBUG Now writing to ./logs/automation.log at 2026-02-02T12:22:27.333-0800
]]></system-err>
  </testcase>
</testsuite>